                         Project -- Build Report

Project Path : F:\shovelhp\Documents\GitHub\isd9160vr\ISD9160 Air Con\OneCommand\AudioRes\AudioRes.wba
Built time : 2019/04/12 PM 01:47
===============================================================================

-------------------------------------------------------------------------------
  Command indexes definition information
-------------------------------------------------------------------------------
Command indexes are defined in F:\shovelhp\Documents\GitHub\isd9160vr\ISD9160 Air Con\
--> Line number is : 0
--> Max. index number is : -01

-------------------------------------------------------------------------------
  Instruments/Events defined in audio files, by file
-------------------------------------------------------------------------------
-------------------------------------------------------------------------------
  Event(s) defined in audio files, by Event
-------------------------------------------------------------------------------
-------------------------------------------------------------------------------
  Instrument(s) defined in audio files, by Instrument
-------------------------------------------------------------------------------
-------------------------------------------------------------------------------
  Drum(s) defined in audio files, by Drum
-------------------------------------------------------------------------------
-------------------------------------------------------------------------------
  Audio files/equations defined in source files
-------------------------------------------------------------------------------

