                         Project -- Build Report

Project Path : D:\app\上海易教\CSpotter VR Nuvoton ISD9160 Demo Code\OneCommand\AudioRes\AudioRes.wba
Built time : 2018/04/03 PM 05:56
===============================================================================

-------------------------------------------------------------------------------
  Command indexes definition information
-------------------------------------------------------------------------------
Command indexes are defined in D:\app\上海易教\CSpotter VR Nuvoton ISD9160 Demo Code\
--> Line number is : 0
--> Max. index number is : -01

-------------------------------------------------------------------------------
  Instruments/Events defined in audio files, by file
-------------------------------------------------------------------------------
-------------------------------------------------------------------------------
  Event(s) defined in audio files, by Event
-------------------------------------------------------------------------------
-------------------------------------------------------------------------------
  Instrument(s) defined in audio files, by Instrument
-------------------------------------------------------------------------------
-------------------------------------------------------------------------------
  Drum(s) defined in audio files, by Drum
-------------------------------------------------------------------------------
-------------------------------------------------------------------------------
  Audio files/equations defined in source files
-------------------------------------------------------------------------------

